<?xml version="1.0" encoding="UTF-8"?>
<!-- Generated by org.testng.reporters.JUnitXMLReporter -->
<testsuite hostname="Vinayak-LP" name="Test-2" tests="5" failures="0" timestamp="21 Aug 2018 09:51:52 GMT" time="0.22" errors="0">
  <testcase name="@BeforeTest checkRunMode" time="0.0" classname="MB.testcases.PropertySearchTest">
    <skipped/>
  </testcase> <!-- @BeforeTest checkRunMode -->
  <testcase name="@AfterTest close" time="0.0" classname="MB.testcases.PropertySearchTest">
    <skipped/>
  </testcase> <!-- @AfterTest close -->
  <testcase name="login" time="0.01" classname="MB.testcases.PropertySearchTest">
    <skipped/>
  </testcase> <!-- login -->
  <testcase name="searchproperty" time="0.0" classname="MB.testcases.PropertySearchTest">
    <skipped/>
  </testcase> <!-- searchproperty -->
  <testcase name="verifyBHKResult" time="0.0" classname="MB.testcases.PropertySearchTest">
    <skipped/>
  </testcase> <!-- verifyBHKResult -->
  <testcase name="verifySocietyResult" time="0.0" classname="MB.testcases.PropertySearchTest">
    <skipped/>
  </testcase> <!-- verifySocietyResult -->
  <testcase name="verifyPriceResult" time="0.0" classname="MB.testcases.PropertySearchTest">
    <skipped/>
  </testcase> <!-- verifyPriceResult -->
</testsuite> <!-- Test-2 -->
