<?xml version="1.0" encoding="UTF-8"?>
<!-- Generated by org.testng.reporters.JUnitXMLReporter -->
<testsuite hostname="Vinayak-LP" name="Test-1" tests="1" failures="0" timestamp="21 Aug 2018 09:51:52 GMT" time="50.066" errors="0">
  <testcase name="sampleTest" time="12.325" classname="MB.testcases.LoginTest"/>
</testsuite> <!-- Test-1 -->
