<?xml version="1.0" encoding="UTF-8"?>
<!-- Generated by org.testng.reporters.JUnitReportReporter -->
<testsuite hostname="Vinayak-LP" name="MB.testcases.LoginTest" tests="1" failures="0" timestamp="21 Aug 2018 09:51:56 GMT" time="12.325" errors="0">
  <testcase name="sampleTest" time="12.325" classname="MB.testcases.LoginTest"/>
</testsuite> <!-- MB.testcases.LoginTest -->
