<?xml version="1.0" encoding="UTF-8"?>
<!-- Generated by org.testng.reporters.JUnitReportReporter -->
<testsuite hostname="Vinayak-LP" name="MB.testcases.LoginTest" tests="1" failures="0" timestamp="2 Aug 2018 10:45:30 GMT" time="11.979" errors="0">
  <testcase name="sampleTest" time="11.979" classname="MB.testcases.LoginTest"/>
</testsuite> <!-- MB.testcases.LoginTest -->
