<?xml version="1.0" encoding="UTF-8"?>
<!-- Generated by org.testng.reporters.JUnitReportReporter -->
<testsuite hostname="Vinayak-LP" name="twitter.testcases.PropertySearchTest" tests="3" failures="0" timestamp="2 Aug 2018 06:21:27 GMT" time="57.510" errors="0">
  <testcase name="login" time="13.039" classname="twitter.testcases.PropertySearchTest"/>
  <testcase name="verifySearchResult" time="23.039" classname="twitter.testcases.PropertySearchTest"/>
  <testcase name="searchproperty" time="21.432" classname="twitter.testcases.PropertySearchTest"/>
</testsuite> <!-- twitter.testcases.PropertySearchTest -->
