<?xml version="1.0" encoding="UTF-8"?>
<!-- Generated by org.testng.reporters.JUnitReportReporter -->
<testsuite hostname="Vinayak-LP" name="TestNg.cloudwordsclass" tests="2" failures="0" timestamp="7 May 2017 05:30:07 GMT" time="0.014" errors="0">
  <testcase name="f" time="0.010" classname="TestNg.cloudwordsclass"/>
  <testcase name="f" time="0.004" classname="TestNg.cloudwordsclass"/>
</testsuite> <!-- TestNg.cloudwordsclass -->
