<?xml version="1.0" encoding="UTF-8"?>
<!-- Generated by org.testng.reporters.JUnitReportReporter -->
<testsuite hostname="Vinayak-LP" name="TestNg.DependTest" tests="2" failures="0" timestamp="24 Feb 2017 20:07:04 GMT" time="0.015" errors="0">
  <testcase name="test2" time="0.012" classname="TestNg.DependTest"/>
  <testcase name="test1" time="0.003" classname="TestNg.DependTest"/>
</testsuite> <!-- TestNg.DependTest -->
