<?xml version="1.0" encoding="UTF-8"?>
<!-- Generated by org.testng.reporters.JUnitReportReporter -->
<testsuite hostname="Vinayak-LP" name="TestNg.GroupTest" tests="8" failures="0" timestamp="24 Feb 2017 20:03:22 GMT" time="0.027" errors="0">
  <testcase name="f" time="0.002" classname="TestNg.GroupTest"/>
  <testcase name="d" time="0.003" classname="TestNg.GroupTest"/>
  <testcase name="d" time="0.011" classname="TestNg.GroupTest"/>
  <testcase name="d" time="0.003" classname="TestNg.GroupTest"/>
  <testcase name="f" time="0.002" classname="TestNg.GroupTest"/>
  <testcase name="f" time="0.002" classname="TestNg.GroupTest"/>
  <testcase name="d" time="0.002" classname="TestNg.GroupTest"/>
  <testcase name="f" time="0.002" classname="TestNg.GroupTest"/>
</testsuite> <!-- TestNg.GroupTest -->
