<?xml version="1.0" encoding="UTF-8"?>
<!-- Generated by org.testng.reporters.JUnitReportReporter -->
<testsuite hostname="Vinayak-LP" name="TestNg.Reporters" tests="1" failures="0" timestamp="25 Feb 2017 08:05:57 GMT" time="9.579" errors="0">
  <testcase name="test" time="9.579" classname="TestNg.Reporters"/>
</testsuite> <!-- TestNg.Reporters -->
