<?xml version="1.0" encoding="UTF-8"?>
<!-- Generated by org.testng.reporters.JUnitReportReporter -->
<testsuite hostname="Vinayak-PC" name="SelFrDemo.AppiumStartStopCmd" tests="1" failures="0" timestamp="26 May 2016 10:10:44 GMT" time="3.415" errors="0">
  <testcase name="ScrollToTab" time="3.415" classname="SelFrDemo.AppiumStartStopCmd"/>
</testsuite> <!-- SelFrDemo.AppiumStartStopCmd -->
