<?xml version="1.0" encoding="UTF-8"?>
<!-- Generated by org.testng.reporters.JUnitReportReporter -->
<testsuite hostname="Vinayak-LP" name="TestNg.IndependentTest" tests="6" failures="0" timestamp="15 Feb 2017 19:11:34 GMT" time="0.060" errors="0">
  <testcase name="testMethod" time="0.010" classname="TestNg.IndependentTest"/>
  <testcase name="testMethod" time="0.010" classname="TestNg.IndependentTest"/>
  <testcase name="testMethod" time="0.010" classname="TestNg.IndependentTest"/>
  <testcase name="testMethod" time="0.010" classname="TestNg.IndependentTest"/>
  <testcase name="testMethod" time="0.020" classname="TestNg.IndependentTest"/>
  <testcase name="testMethod" time="0.000" classname="TestNg.IndependentTest"/>
</testsuite> <!-- TestNg.IndependentTest -->
