<?xml version="1.0" encoding="UTF-8"?>
<!-- Generated by org.testng.reporters.JUnitReportReporter -->
<testsuite hostname="Vinayak-LP" name="TestNg.ExtentReporter" tests="1" failures="0" timestamp="6 Aug 2018 12:02:09 GMT" time="0.148" errors="0">
  <testcase name="test1" time="0.148" classname="TestNg.ExtentReporter"/>
</testsuite> <!-- TestNg.ExtentReporter -->
