<?xml version="1.0" encoding="UTF-8"?>
<!-- Generated by org.testng.reporters.JUnitReportReporter -->
<testsuite hostname="Vinayak-LP" name="ApiTesting.ReadJsonObject" tests="1" failures="0" timestamp="4 Nov 2016 16:10:48 GMT" time="1.504" errors="0">
  <testcase name="aptTesting" time="1.504" classname="ApiTesting.ReadJsonObject"/>
</testsuite> <!-- ApiTesting.ReadJsonObject -->
